2022-10-20T09:48:42.839-04:00  INFO 16800 --- [restartedMain] c.m.onlinestore.OnlinestoreApplication   : Starting OnlinestoreApplication using Java 17.0.3 on martina with PID 16800 (C:\Users\marti\Documents\servlet\onlinestore\target\classes started by marti in C:\Users\marti\Documents\servlet\onlinestore)
2022-10-20T09:48:42.841-04:00 DEBUG 16800 --- [restartedMain] c.m.onlinestore.OnlinestoreApplication   : Running with Spring Boot v3.0.0-M5, Spring v6.0.0-M6
2022-10-20T09:48:42.841-04:00  INFO 16800 --- [restartedMain] c.m.onlinestore.OnlinestoreApplication   : No active profile set, falling back to 1 default profile: "default"
2022-10-20T09:48:42.884-04:00  INFO 16800 --- [restartedMain] .e.DevToolsPropertyDefaultsPostProcessor : Devtools property defaults active! Set 'spring.devtools.add-properties' to 'false' to disable
2022-10-20T09:48:42.886-04:00  INFO 16800 --- [restartedMain] .e.DevToolsPropertyDefaultsPostProcessor : For additional web related logging consider setting the 'logging.level.web' property to 'DEBUG'
2022-10-20T09:48:43.446-04:00  INFO 16800 --- [restartedMain] .s.d.r.c.RepositoryConfigurationDelegate : Bootstrapping Spring Data JPA repositories in DEFAULT mode.
2022-10-20T09:48:43.505-04:00  INFO 16800 --- [restartedMain] .s.d.r.c.RepositoryConfigurationDelegate : Finished Spring Data repository scanning in 49 ms. Found 4 JPA repository interfaces.
2022-10-20T09:48:44.150-04:00  INFO 16800 --- [restartedMain] o.s.b.w.embedded.tomcat.TomcatWebServer  : Tomcat initialized with port(s): 8080 (http)
2022-10-20T09:48:44.161-04:00  INFO 16800 --- [restartedMain] o.apache.catalina.core.StandardService   : Starting service [Tomcat]
2022-10-20T09:48:44.162-04:00  INFO 16800 --- [restartedMain] org.apache.catalina.core.StandardEngine  : Starting Servlet engine: [Apache Tomcat/10.0.23]
2022-10-20T09:48:44.252-04:00  INFO 16800 --- [restartedMain] o.a.c.c.C.[Tomcat].[localhost].[/]       : Initializing Spring embedded WebApplicationContext
2022-10-20T09:48:44.253-04:00  INFO 16800 --- [restartedMain] w.s.c.ServletWebServerApplicationContext : Root WebApplicationContext: initialization completed in 1367 ms
2022-10-20T09:48:44.389-04:00  INFO 16800 --- [restartedMain] o.hibernate.jpa.internal.util.LogHelper  : HHH000204: Processing PersistenceUnitInfo [name: default]
2022-10-20T09:48:44.427-04:00  INFO 16800 --- [restartedMain] org.hibernate.Version                    : HHH000412: Hibernate ORM core version 6.1.3.Final
2022-10-20T09:48:44.553-04:00  WARN 16800 --- [restartedMain] org.hibernate.orm.deprecation            : HHH90000021: Encountered deprecated setting [javax.persistence.sharedCache.mode], use [jakarta.persistence.sharedCache.mode] instead
2022-10-20T09:48:44.639-04:00  INFO 16800 --- [restartedMain] com.zaxxer.hikari.HikariDataSource       : HikariPool-1 - Starting...
2022-10-20T09:48:44.696-04:00  INFO 16800 --- [restartedMain] com.zaxxer.hikari.pool.HikariPool        : HikariPool-1 - Added connection org.mariadb.jdbc.Connection@191f0049
2022-10-20T09:48:44.698-04:00  INFO 16800 --- [restartedMain] com.zaxxer.hikari.HikariDataSource       : HikariPool-1 - Start completed.
2022-10-20T09:48:44.713-04:00  INFO 16800 --- [restartedMain] SQL dialect                              : HHH000400: Using dialect: org.hibernate.dialect.MySQL5Dialect
2022-10-20T09:48:44.713-04:00  WARN 16800 --- [restartedMain] org.hibernate.orm.deprecation            : HHH90000026: MySQL5Dialect has been deprecated; use org.hibernate.dialect.MySQLDialect instead
2022-10-20T09:48:45.789-04:00  INFO 16800 --- [restartedMain] o.h.e.t.j.p.i.JtaPlatformInitiator       : HHH000490: Using JtaPlatform implementation: [org.hibernate.engine.transaction.jta.platform.internal.NoJtaPlatform]
2022-10-20T09:48:45.795-04:00  INFO 16800 --- [restartedMain] j.LocalContainerEntityManagerFactoryBean : Initialized JPA EntityManagerFactory for persistence unit 'default'
2022-10-20T09:48:46.219-04:00  INFO 16800 --- [restartedMain] o.s.s.web.DefaultSecurityFilterChain     : Will secure any request with [org.springframework.security.web.session.DisableEncodeUrlFilter@4210879d, org.springframework.security.web.context.request.async.WebAsyncManagerIntegrationFilter@2efe238e, org.springframework.security.web.context.SecurityContextHolderFilter@5dcd4374, org.springframework.security.web.header.HeaderWriterFilter@13cb2a94, org.springframework.security.web.authentication.logout.LogoutFilter@79b13f4, org.springframework.security.web.authentication.UsernamePasswordAuthenticationFilter@27245d5e, org.springframework.security.web.savedrequest.RequestCacheAwareFilter@17a3880c, org.springframework.security.web.servletapi.SecurityContextHolderAwareRequestFilter@788cd7ef, org.springframework.security.web.authentication.AnonymousAuthenticationFilter@2bb545a2, org.springframework.security.web.session.SessionManagementFilter@54626383, org.springframework.security.web.access.ExceptionTranslationFilter@45db90e2, org.springframework.security.web.access.intercept.FilterSecurityInterceptor@2c499453]
2022-10-20T09:48:46.270-04:00  WARN 16800 --- [restartedMain] JpaBaseConfiguration$JpaWebConfiguration : spring.jpa.open-in-view is enabled by default. Therefore, database queries may be performed during view rendering. Explicitly configure spring.jpa.open-in-view to disable this warning
2022-10-20T09:48:46.502-04:00  INFO 16800 --- [restartedMain] o.s.b.a.w.s.WelcomePageHandlerMapping    : Adding welcome page template: index
2022-10-20T09:48:46.757-04:00  INFO 16800 --- [restartedMain] o.s.b.d.a.OptionalLiveReloadServer       : LiveReload server is running on port 35729
2022-10-20T09:48:46.795-04:00  INFO 16800 --- [restartedMain] o.s.b.w.embedded.tomcat.TomcatWebServer  : Tomcat started on port(s): 8080 (http) with context path ''
2022-10-20T09:48:46.804-04:00  INFO 16800 --- [restartedMain] c.m.onlinestore.OnlinestoreApplication   : Started OnlinestoreApplication in 4.43 seconds (process running for 5.124)
